2016-10-04 12:04:34,051 [myid:] - INFO  [main:QuorumPeerConfig@124] - Reading configuration from: /Users/Sophie/Documents/zookeeper-3.4.9/bin/../conf/zoo.cfg
2016-10-04 12:04:34,057 [myid:] - INFO  [main:DatadirCleanupManager@78] - autopurge.snapRetainCount set to 3
2016-10-04 12:04:34,057 [myid:] - INFO  [main:DatadirCleanupManager@79] - autopurge.purgeInterval set to 0
2016-10-04 12:04:34,057 [myid:] - INFO  [main:DatadirCleanupManager@101] - Purge task is not scheduled.
2016-10-04 12:04:34,058 [myid:] - WARN  [main:QuorumPeerMain@113] - Either no config or no quorum defined in config, running  in standalone mode
2016-10-04 12:04:34,073 [myid:] - INFO  [main:QuorumPeerConfig@124] - Reading configuration from: /Users/Sophie/Documents/zookeeper-3.4.9/bin/../conf/zoo.cfg
2016-10-04 12:04:34,073 [myid:] - INFO  [main:ZooKeeperServerMain@96] - Starting server
2016-10-04 12:04:39,161 [myid:] - INFO  [main:Environment@100] - Server environment:zookeeper.version=3.4.9-1757313, built on 08/23/2016 06:50 GMT
2016-10-04 12:04:39,161 [myid:] - INFO  [main:Environment@100] - Server environment:host.name=138.4.222.60
2016-10-04 12:04:39,161 [myid:] - INFO  [main:Environment@100] - Server environment:java.version=1.8.0_102
2016-10-04 12:04:39,161 [myid:] - INFO  [main:Environment@100] - Server environment:java.vendor=Oracle Corporation
2016-10-04 12:04:39,161 [myid:] - INFO  [main:Environment@100] - Server environment:java.home=/Library/Java/JavaVirtualMachines/jdk1.8.0_102.jdk/Contents/Home/jre
2016-10-04 12:04:39,162 [myid:] - INFO  [main:Environment@100] - Server environment:java.class.path=/Users/Sophie/Documents/zookeeper-3.4.9/bin/../build/classes:/Users/Sophie/Documents/zookeeper-3.4.9/bin/../build/lib/*.jar:/Users/Sophie/Documents/zookeeper-3.4.9/bin/../lib/slf4j-log4j12-1.6.1.jar:/Users/Sophie/Documents/zookeeper-3.4.9/bin/../lib/slf4j-api-1.6.1.jar:/Users/Sophie/Documents/zookeeper-3.4.9/bin/../lib/netty-3.10.5.Final.jar:/Users/Sophie/Documents/zookeeper-3.4.9/bin/../lib/log4j-1.2.16.jar:/Users/Sophie/Documents/zookeeper-3.4.9/bin/../lib/jline-0.9.94.jar:/Users/Sophie/Documents/zookeeper-3.4.9/bin/../zookeeper-3.4.9.jar:/Users/Sophie/Documents/zookeeper-3.4.9/bin/../src/java/lib/*.jar:/Users/Sophie/Documents/zookeeper-3.4.9/bin/../conf:
2016-10-04 12:04:39,162 [myid:] - INFO  [main:Environment@100] - Server environment:java.library.path=/Users/Sophie/Library/Java/Extensions:/Library/Java/Extensions:/Network/Library/Java/Extensions:/System/Library/Java/Extensions:/usr/lib/java:.
2016-10-04 12:04:39,162 [myid:] - INFO  [main:Environment@100] - Server environment:java.io.tmpdir=/var/folders/9s/16ksvd6906gbvc22p92rf7200000gn/T/
2016-10-04 12:04:39,162 [myid:] - INFO  [main:Environment@100] - Server environment:java.compiler=<NA>
2016-10-04 12:04:39,163 [myid:] - INFO  [main:Environment@100] - Server environment:os.name=Mac OS X
2016-10-04 12:04:39,163 [myid:] - INFO  [main:Environment@100] - Server environment:os.arch=x86_64
2016-10-04 12:04:39,164 [myid:] - INFO  [main:Environment@100] - Server environment:os.version=10.12
2016-10-04 12:04:39,164 [myid:] - INFO  [main:Environment@100] - Server environment:user.name=Sophie
2016-10-04 12:04:39,164 [myid:] - INFO  [main:Environment@100] - Server environment:user.home=/Users/Sophie
2016-10-04 12:04:39,164 [myid:] - INFO  [main:Environment@100] - Server environment:user.dir=/Users/Sophie/Downloads/zklearn
2016-10-04 12:04:39,174 [myid:] - INFO  [main:ZooKeeperServer@815] - tickTime set to 2000
2016-10-04 12:04:39,174 [myid:] - INFO  [main:ZooKeeperServer@824] - minSessionTimeout set to -1
2016-10-04 12:04:39,175 [myid:] - INFO  [main:ZooKeeperServer@833] - maxSessionTimeout set to -1
2016-10-04 12:04:39,197 [myid:] - INFO  [main:NIOServerCnxnFactory@89] - binding to port 0.0.0.0/0.0.0.0:2181
2016-10-04 12:04:39,199 [myid:] - ERROR [main:ZooKeeperServerMain@64] - Unexpected exception, exiting abnormally
java.net.BindException: Address already in use
	at sun.nio.ch.Net.bind0(Native Method)
	at sun.nio.ch.Net.bind(Net.java:433)
	at sun.nio.ch.Net.bind(Net.java:425)
	at sun.nio.ch.ServerSocketChannelImpl.bind(ServerSocketChannelImpl.java:223)
	at sun.nio.ch.ServerSocketAdaptor.bind(ServerSocketAdaptor.java:74)
	at sun.nio.ch.ServerSocketAdaptor.bind(ServerSocketAdaptor.java:67)
	at org.apache.zookeeper.server.NIOServerCnxnFactory.configure(NIOServerCnxnFactory.java:90)
	at org.apache.zookeeper.server.ZooKeeperServerMain.runFromConfig(ZooKeeperServerMain.java:117)
	at org.apache.zookeeper.server.ZooKeeperServerMain.initializeAndRun(ZooKeeperServerMain.java:87)
	at org.apache.zookeeper.server.ZooKeeperServerMain.main(ZooKeeperServerMain.java:53)
	at org.apache.zookeeper.server.quorum.QuorumPeerMain.initializeAndRun(QuorumPeerMain.java:116)
	at org.apache.zookeeper.server.quorum.QuorumPeerMain.main(QuorumPeerMain.java:78)
